C51 COMPILER V9.56.0.0   MAIN                                                              10/30/2023 17:47:34 PAGE 1   


C51 COMPILER V9.56.0.0, COMPILATION OF MODULE MAIN
OBJECT MODULE PLACED IN .\OutPut\main.obj
COMPILER INVOKED BY: C:\Keil_v5c\C51\BIN\C51.EXE Source\main.c LARGE OPTIMIZE(8,SIZE) DEBUG OBJECTEXTEND PRINT(.\OutPut\
                    -main.lst) TABS(2) OBJECT(.\OutPut\main.obj)

line level    source

   1          /* 本例程uCOS-II 版本为2.51*/  
   2          
   3          #include "includes.h"
   4          
   5          
   6          sbit LED1=P3^0;
   7          
   8          sbit LED2=P3^1;  
   9          
  10          
  11          OS_STK Task1Stk[MaxStkSize+1];
  12          
  13          OS_STK Task2Stk[MaxStkSize+1];
  14          
  15          
  16          INT8U err;
  17          
  18          void Task1(void *ppdata) reentrant
  19          {
  20   1      
  21   1        ppdata=ppdata;
  22   1      
  23   1        for(;;)
  24   1        {
  25   2      
  26   2          LED1=~LED1;
  27   2          OSTimeDly(OS_TICKS_PER_SEC/4);
  28   2        }    
  29   1      }
  30          
  31          
  32          
  33          void Task2(void *ppdata) reentrant
  34          {
  35   1      
  36   1        ppdata=ppdata;
  37   1        for(;;)
  38   1        {
  39   2      
  40   2          LED2=~LED2;   
  41   2          OSTimeDly(OS_TICKS_PER_SEC);  
  42   2        }    
  43   1      }
  44          
  45          void main(void)
  46          {
  47   1        OSInit();
  48   1        InitHardware();
  49   1      
  50   1        OSTaskCreate(Task1,(void*)0,&Task1Stk[0],0);
  51   1      
  52   1        OSTaskCreate(Task2,(void*)0,&Task2Stk[0],1);
  53   1      
  54   1      
C51 COMPILER V9.56.0.0   MAIN                                                              10/30/2023 17:47:34 PAGE 2   

  55   1        OSStart();
  56   1      
  57   1      }
*** WARNING C294 IN LINE 29 OF Source\main.c: unreachable code
*** WARNING C294 IN LINE 43 OF Source\main.c: unreachable code


MODULE INFORMATION:   STATIC OVERLAYABLE
   CODE SIZE        =    179    ----
   CONSTANT SIZE    =   ----    ----
   XDATA SIZE       =    131    ----
   PDATA SIZE       =   ----    ----
   DATA SIZE        =   ----    ----
   IDATA SIZE       =   ----    ----
   BIT SIZE         =   ----    ----
END OF MODULE INFORMATION.


C51 COMPILATION COMPLETE.  2 WARNING(S),  0 ERROR(S)
