A51 MACRO ASSEMBLER  OS_CPU_A                                                             10/30/2023 17:47:37 PAGE     1


MACRO ASSEMBLER A51 V8.2.5.0
OBJECT MODULE PLACED IN .\OutPut\OS_CPU_A.obj
ASSEMBLER INVOKED BY: C:\Keil_v5c\C51\BIN\A51.EXE uCosii\OS_CPU_A.ASM SET(LARGE) DEBUG PRINT(.\OutPut\OS_CPU_A.lst) OBJE
                      CT(.\OutPut\OS_CPU_A.obj) EP

LOC  OBJ            LINE     SOURCE

                       1     

                       2     

                       3     

                       4     

                       5     

                       6     

                       7     

                       8     

                       9     

                      10     

                      11     

                      12     

                      13     

                      14     

                      15     

                      16     

                      17     ;Œ±÷∏¡ÓœÍœ∏”√∑®«Î≤ÈA51.PDFŒƒº˛

                      18     ;≥Ã–ÚΩ·ππœÍº˚°∂uC/OS-II°∑193-198“≥

                      19     

                      20     ;≤ª”√¥À”Ôæ‰£°£°£° $CASE    ;±Í∫≈∫Õ±‰¡ø√˚«¯∑÷¥Û–°–¥

                      21     

                      22     $nomod51 

  00AF                23     EA      BIT     0A8H.7

  0081                24     SP      DATA    081H

  00F0                25     B       DATA    0F0H

  00E0                26     ACC     DATA    0E0H

  0083                27     DPH     DATA    083H

  0082                28     DPL     DATA    082H

  00D0                29     PSW     DATA    0D0H

  008C                30     TR0     BIT     088H.4

  008C                31     TH0     DATA    08CH

  008A                32     TL0     DATA    08AH

                      33     

                      34             NAME OS_CPU_A    ;ƒ£øÈ√˚

                      35             

                      36     ;∂®“Â÷ÿ∂®Œª∂Œ

                      37     ?PR?OSStartHighRdy?OS_CPU_A    SEGMENT CODE

                      38     ?PR?OSCtxSw?OS_CPU_A           SEGMENT CODE

                      39     ?PR?OSIntCtxSw?OS_CPU_A        SEGMENT CODE

                      40     

                      41     ;?PR?OSTickISR?OS_CPU_A         SEGMENT CODE

                      42     ;?PR?_?serial?OS_CPU_A          SEGMENT CODE

                      43             

                      44     ;…˘√˜“”√»´æ÷±‰¡ø∫ÕÕ‚≤ø◊”≥Ã–Ú

                      45             EXTRN DATA  (?C_XBP)     ;∑¬’Ê∂—’ª÷∏’Î”√”⁄÷ÿ»Îæ÷≤ø±‰¡ø±£¥Ê,Œ™V2.51ƒ‹±ªC π”√∂®“Â‘⁄±æ
                             ƒ£øÈ÷–

                      46     

                      47             EXTRN IDATA (OSTCBCur)

                      48             EXTRN IDATA (OSTCBHighRdy)

                      49             EXTRN IDATA (OSRunning)

                      50             EXTRN IDATA (OSPrioCur)

                      51             EXTRN IDATA (OSPrioHighRdy)

                      52         

                      53             EXTRN CODE  (_?OSTaskSwHook)

                      54             EXTRN CODE  (_?OSIntEnter)

                      55             EXTRN CODE  (_?OSIntExit)

                      56             EXTRN CODE  (_?OSTimeTick)        

A51 MACRO ASSEMBLER  OS_CPU_A                                                             10/30/2023 17:47:37 PAGE     2

                      57     ;        EXTRN CODE  (_?serial)

                      58                 

                      59     ;∂‘Õ‚…˘√˜4∏ˆ≤ªø…÷ÿ»Î∫Ø 

                      60             PUBLIC OSStartHighRdy

                      61             PUBLIC OSCtxSw

                      62             PUBLIC OSIntCtxSw

                      63     

                      64     ;        PUBLIC OSTickISR

                      65     ;        PUBLIC SerialISR        

                      66     

                      67     

                      68     ;∑÷≈‰∂—’ªø’º‰°£÷ªπÿ–ƒ¥Û–°£¨∂—’ª∆µ„”…keilæˆ∂®£¨Õ®π±Í∫≈ø…“‘ªÒµ√keil∑÷≈‰µƒSP∆µ„°£

                      69     ?STACK SEGMENT IDATA

----                  70             RSEG ?STACK

0000                  71     OSStack:

0000                  72             DS 40H

  FFFF                73     OSStkStart IDATA OSStack-1

                      74     

                      75     PUSHALL    MACRO        ;∂®“Â—π’ª≥ˆ’ª∫Í

                      76             PUSH ACC

                      77             PUSH B

                      78             PUSH DPH

                      79             PUSH DPL

                      80             PUSH PSW

                      81             MOV  A,R0   ;R0-R7»Î’ª

                      82             PUSH ACC

                      83             MOV  A,R1

                      84             PUSH ACC

                      85             MOV  A,R2

                      86             PUSH ACC

                      87             MOV  A,R3

                      88             PUSH ACC

                      89             MOV  A,R4

                      90             PUSH ACC

                      91             MOV  A,R5

                      92             PUSH ACC

                      93             MOV  A,R6

                      94             PUSH ACC

                      95             MOV  A,R7

                      96             PUSH ACC

                      97             ;PUSH SP    ;≤ª±ÿ±£¥ÊSP£¨»ŒŒÒ«–ªª ±”…œ‡”¶≥Ã–Úµ˜’˚

                      98             ENDM

                      99         

                     100     POPALL    MACRO

                     101             ;POP  ACC   ;≤ª±ÿ±£¥ÊSP£¨»ŒŒÒ«–ªª ±”…œ‡”¶≥Ã–Úµ˜’˚

                     102             POP  ACC    ;R0-R7≥ˆ’ª

                     103             MOV  R7,A

                     104             POP  ACC

                     105             MOV  R6,A

                     106             POP  ACC

                     107             MOV  R5,A

                     108             POP  ACC

                     109             MOV  R4,A

                     110             POP  ACC

                     111             MOV  R3,A

                     112             POP  ACC

                     113             MOV  R2,A

                     114             POP  ACC

                     115             MOV  R1,A

                     116             POP  ACC

                     117             MOV  R0,A

                     118             POP  PSW

                     119             POP  DPL

                     120             POP  DPH

                     121             POP  B

                     122             POP  ACC

A51 MACRO ASSEMBLER  OS_CPU_A                                                             10/30/2023 17:47:37 PAGE     3

                     123             ENDM

                     124         

                     125     ;◊”≥Ã–Ú

                     126     ;-------------------------------------------------------------------------

----                 127             RSEG ?PR?OSStartHighRdy?OS_CPU_A

0000                 128     OSStartHighRdy:

                     129             USING 0    ;…œµÁ∫Û51◊‘∂Øπÿ÷–∂œ£¨¥À¥¶≤ª±ÿ”√CLR EA÷∏¡Ó£¨“ÚŒ™µΩ¥À¥¶ªπŒ¥ø™÷–∂œ£¨±æ≥Ã–ÚÕ
                             À≥ˆ∫Û£¨ø™÷–∂œ°£

0000 120000   F      130             LCALL _?OSTaskSwHook

                     131     

0003                 132     OSCtxSw_in:

                     133         

                     134             ;OSTCBCur ===> DPTR  ªÒµ√µ±«∞TCB÷∏’Î£¨œÍº˚C51.PDFµ⁄178“≥

0003 7800     F      135             MOV  R0,#LOW (OSTCBCur) ;ªÒµ√OSTCBCur÷∏’ÎµÕµÿ÷∑£¨÷∏’Î’º3◊÷Ω⁄°£+0¿‡–Õ+1∏ﬂ8Œª æ›+2µÕ8
                             Œª æ›

0005 08              136             INC  R0

0006 8683            137             MOV  DPH,@R0    ;»´æ÷±‰¡øOSTCBCur‘⁄IDATA÷–

0008 08              138             INC  R0

0009 8682            139             MOV  DPL,@R0

                     140         

                     141             ;OSTCBCur->OSTCBStkPtr ===> DPTR  ªÒµ√”√ªß∂—’ª÷∏’Î

000B A3              142             INC  DPTR        ;÷∏’Î’º3◊÷Ω⁄°£+0¿‡–Õ+1∏ﬂ8Œª æ›+2µÕ8Œª æ›

000C E0              143             MOVX A,@DPTR     ;.OSTCBStkPtr «void÷∏’Î

000D F8              144             MOV  R0,A

000E A3              145             INC  DPTR

000F E0              146             MOVX A,@DPTR

0010 F9              147             MOV  R1,A

0011 8883            148             MOV  DPH,R0

0013 8982            149             MOV  DPL,R1

                     150         

                     151             ;*UserStkPtr ===> R5  ”√ªß∂—’ª∆ ºµÿ÷∑ƒ⁄»›(º¥”√ªß∂—’ª≥§∂»∑≈‘⁄¥À¥¶)  œÍº˚ŒƒµµÀµ√˜  ÷
                             ∏’Î”√∑®œÍº˚C51.PDFµ⁄178“≥    

0015 E0              152             MOVX A,@DPTR     ;”√ªß∂—’ª÷– «unsigned char¿‡–Õ æ›

0016 FD              153             MOV  R5,A        ;R5=”√ªß∂—’ª≥§∂»

                     154         

                     155             ;ª÷∏¥œ÷≥°∂—’ªƒ⁄»›

0017 7800     F      156             MOV  R0,#OSStkStart

                     157             

0019                 158     restore_stack:

                     159         

0019 A3              160             INC  DPTR

001A 08              161             INC  R0

001B E0              162             MOVX A,@DPTR

001C F6              163             MOV  @R0,A

001D DDFA            164             DJNZ R5,restore_stack

                     165         

                     166             ;ª÷∏¥∂—’ª÷∏’ÎSP

001F 8881            167             MOV  SP,R0

                     168         

                     169             ;ª÷∏¥∑¬’Ê∂—’ª÷∏’Î?C_XBP        

0021 A3              170             INC  DPTR

0022 E0              171             MOVX A,@DPTR

0023 F500     F      172             MOV  ?C_XBP,A    ;?C_XBP ∑¬’Ê∂—’ª÷∏’Î∏ﬂ8Œª

0025 A3              173             INC  DPTR

0026 E0              174             MOVX A,@DPTR

0027 F500     F      175             MOV  ?C_XBP+1,A  ;?C_XBP ∑¬’Ê∂—’ª÷∏’ÎµÕ8Œª

                     176         

                     177             ;OSRunning=TRUE

0029 7800     F      178             MOV  R0,#LOW (OSRunning)

002B 7601            179             MOV  @R0,#01

                     180         

                     181             POPALL

004F D2AF            204             SETB EA    ;ø™÷–∂œ

0051 32              205             RETI

                     206     ;-------------------------------------------------------------------------

----                 207             RSEG ?PR?OSCtxSw?OS_CPU_A

A51 MACRO ASSEMBLER  OS_CPU_A                                                             10/30/2023 17:47:37 PAGE     4

0000                 208     OSCtxSw:    

                     209             PUSHALL

                     232         

0022                 233     OSIntCtxSw_in:

                     234         

                     235             ;ªÒµ√∂—’ª≥§∂»∫Õ∆÷∑

0022 E581            236             MOV  A,SP

0024 C3              237             CLR  C

0025 9400     F      238             SUBB A,#OSStkStart

0027 FD              239             MOV  R5,A     ;ªÒµ√∂—’ª≥§∂»        

                     240         

                     241             ;OSTCBCur ===> DPTR  ªÒµ√µ±«∞TCB÷∏’Î£¨œÍº˚C51.PDFµ⁄178“≥

0028 7800     F      242             MOV  R0,#LOW (OSTCBCur) ;ªÒµ√OSTCBCur÷∏’ÎµÕµÿ÷∑£¨÷∏’Î’º3◊÷Ω⁄°£+0¿‡–Õ+1∏ﬂ8Œª æ›+2µÕ8
                             Œª æ›

002A 08              243             INC  R0

002B 8683            244             MOV  DPH,@R0    ;»´æ÷±‰¡øOSTCBCur‘⁄IDATA÷–

002D 08              245             INC  R0

002E 8682            246             MOV  DPL,@R0

                     247         

                     248             ;OSTCBCur->OSTCBStkPtr ===> DPTR  ªÒµ√”√ªß∂—’ª÷∏’Î

0030 A3              249             INC  DPTR        ;÷∏’Î’º3◊÷Ω⁄°£+0¿‡–Õ+1∏ﬂ8Œª æ›+2µÕ8Œª æ›

0031 E0              250             MOVX A,@DPTR     ;.OSTCBStkPtr «void÷∏’Î

0032 F8              251             MOV  R0,A

0033 A3              252             INC  DPTR

0034 E0              253             MOVX A,@DPTR

0035 F9              254             MOV  R1,A

0036 8883            255             MOV  DPH,R0

0038 8982            256             MOV  DPL,R1

                     257             

                     258             ;±£¥Ê∂—’ª≥§∂»

003A ED              259             MOV  A,R5

003B F0              260             MOVX @DPTR,A

                     261         

003C 7800     F      262             MOV  R0,#OSStkStart  ;ªÒµ√∂—’ª∆÷∑

003E                 263     save_stack:

                     264         

003E A3              265             INC  DPTR

003F 08              266             INC  R0

0040 E6              267             MOV  A,@R0

0041 F0              268             MOVX @DPTR,A

0042 DDFA            269             DJNZ R5,save_stack

                     270             

                     271             ;±£¥Ê∑¬’Ê∂—’ª÷∏’Î?C_XBP

0044 A3              272             INC  DPTR

0045 E500     F      273             MOV  A,?C_XBP    ;?C_XBP ∑¬’Ê∂—’ª÷∏’Î∏ﬂ8Œª

0047 F0              274             MOVX @DPTR,A

0048 A3              275             INC  DPTR

0049 E500     F      276             MOV  A,?C_XBP+1  ;?C_XBP ∑¬’Ê∂—’ª÷∏’ÎµÕ8Œª

004B F0              277             MOVX @DPTR,A        

                     278         

                     279             ;µ˜”√”√ªß≥Ã–Ú

004C 120000   F      280             LCALL _?OSTaskSwHook

                     281             

                     282             ;OSTCBCur = OSTCBHighRdy

004F 7800     F      283             MOV  R0,#OSTCBCur

0051 7900     F      284             MOV  R1,#OSTCBHighRdy

0053 E7              285             MOV  A,@R1

0054 F6              286             MOV  @R0,A

0055 08              287             INC  R0

0056 09              288             INC  R1

0057 E7              289             MOV  A,@R1

0058 F6              290             MOV  @R0,A

0059 08              291             INC  R0

005A 09              292             INC  R1

005B E7              293             MOV  A,@R1

005C F6              294             MOV  @R0,A

A51 MACRO ASSEMBLER  OS_CPU_A                                                             10/30/2023 17:47:37 PAGE     5

                     295                     

                     296             ;OSPrioCur = OSPrioHighRdy   π”√’‚¡Ω∏ˆ±‰¡ø÷˜“™ƒøµƒ «Œ™¡À π÷∏’Î±»Ωœ±‰Œ™◊÷Ω⁄±»Ωœ£¨“‘±
                             „Ω⁄ ° ±º‰°£

005D 7800     F      297             MOV  R0,#OSPrioCur

005F 7900     F      298             MOV  R1,#OSPrioHighRdy

0061 E7              299             MOV  A,@R1

0062 F6              300             MOV  @R0,A

                     301             

0063 020000   F      302             LJMP OSCtxSw_in

                     303     ;-------------------------------------------------------------------------

----                 304             RSEG ?PR?OSIntCtxSw?OS_CPU_A

                     305             

0000                 306     OSIntCtxSw:

                     307     

                     308             ;µ˜’˚SP÷∏’Î»•µÙ‘⁄µ˜”√OSIntExit(),OSIntCtxSw()π≥Ã÷–—π»Î∂—’ªµƒ∂‡”‡ƒ⁄»›

                     309             ;SP=SP-4

                     310     

0000 E581            311             MOV  A,SP

0002 C3              312             CLR  C

0003 9404            313             SUBB A,#4

0005 F581            314             MOV  SP,A

                     315             

0007 020000   F      316             LJMP OSIntCtxSw_in

                     317     

                     318             END

A51 MACRO ASSEMBLER  OS_CPU_A                                                             10/30/2023 17:47:37 PAGE     6

SYMBOL TABLE LISTING
------ ----- -------


N A M E                      T Y P E  V A L U E   ATTRIBUTES

?C_XBP. . . . . . . . . . .  D ADDR   -----       EXT
?PR?OSCTXSW?OS_CPU_A. . . .  C SEG    0066H       REL=UNIT
?PR?OSINTCTXSW?OS_CPU_A . .  C SEG    000AH       REL=UNIT
?PR?OSSTARTHIGHRDY?OS_CPU_A  C SEG    0052H       REL=UNIT
?STACK. . . . . . . . . . .  I SEG    0040H       REL=UNIT
ACC . . . . . . . . . . . .  D ADDR   00E0H   A   
B . . . . . . . . . . . . .  D ADDR   00F0H   A   
DPH . . . . . . . . . . . .  D ADDR   0083H   A   
DPL . . . . . . . . . . . .  D ADDR   0082H   A   
EA. . . . . . . . . . . . .  B ADDR   00A8H.7 A   
OSCTXSW . . . . . . . . . .  C ADDR   0000H   R   SEG=?PR?OSCTXSW?OS_CPU_A
OSCTXSW_IN. . . . . . . . .  C ADDR   0003H   R   SEG=?PR?OSSTARTHIGHRDY?OS_CPU_A
OSINTCTXSW. . . . . . . . .  C ADDR   0000H   R   SEG=?PR?OSINTCTXSW?OS_CPU_A
OSINTCTXSW_IN . . . . . . .  C ADDR   0022H   R   SEG=?PR?OSCTXSW?OS_CPU_A
OSPRIOCUR . . . . . . . . .  I ADDR   -----       EXT
OSPRIOHIGHRDY . . . . . . .  I ADDR   -----       EXT
OSRUNNING . . . . . . . . .  I ADDR   -----       EXT
OSSTACK . . . . . . . . . .  I ADDR   0000H   R   SEG=?STACK
OSSTARTHIGHRDY. . . . . . .  C ADDR   0000H   R   SEG=?PR?OSSTARTHIGHRDY?OS_CPU_A
OSSTKSTART. . . . . . . . .  I ADDR   FFFFH   R   SEG=?STACK
OSTCBCUR. . . . . . . . . .  I ADDR   -----       EXT
OSTCBHIGHRDY. . . . . . . .  I ADDR   -----       EXT
OS_CPU_A. . . . . . . . . .  N NUMB   -----       
PSW . . . . . . . . . . . .  D ADDR   00D0H   A   
RESTORE_STACK . . . . . . .  C ADDR   0019H   R   SEG=?PR?OSSTARTHIGHRDY?OS_CPU_A
SAVE_STACK. . . . . . . . .  C ADDR   003EH   R   SEG=?PR?OSCTXSW?OS_CPU_A
SP. . . . . . . . . . . . .  D ADDR   0081H   A   
TH0 . . . . . . . . . . . .  D ADDR   008CH   A   
TL0 . . . . . . . . . . . .  D ADDR   008AH   A   
TR0 . . . . . . . . . . . .  B ADDR   0088H.4 A   
_?OSINTENTER. . . . . . . .  C ADDR   -----       EXT
_?OSINTEXIT . . . . . . . .  C ADDR   -----       EXT
_?OSTASKSWHOOK. . . . . . .  C ADDR   -----       EXT
_?OSTIMETICK. . . . . . . .  C ADDR   -----       EXT


REGISTER BANK(S) USED: 0 


ASSEMBLY COMPLETE.  0 WARNING(S), 0 ERROR(S)
